<?xml version="1.0" encoding="UTF-8"?>
<testng-results skipped="0" failed="1" total="1" passed="0">
  <reporter-output>
    <line>
      <![CDATA[Opened the Browser]]>
    </line>
    <line>
      <![CDATA[Maximized the Browser]]>
    </line>
    <line>
      <![CDATA[close the Browser]]>
    </line>
    <line>
      <![CDATA[closed the Browser]]>
    </line>
  </reporter-output>
  <suite name="Default suite" duration-ms="29873" started-at="2021-09-13T14:49:24Z" finished-at="2021-09-13T14:49:53Z">
    <groups>
    </groups>
    <test name="Default test" duration-ms="29873" started-at="2021-09-13T14:49:24Z" finished-at="2021-09-13T14:49:53Z">
      <class name="testScripts.BookingFlight">
        <test-method status="PASS" signature="configBT()[pri:0, instance:testScripts.BookingFlight@1ce92674]" name="configBT" is-config="true" duration-ms="8408" started-at="2021-09-13T20:19:24Z" finished-at="2021-09-13T20:19:32Z">
          <reporter-output>
          </reporter-output>
        </test-method> <!-- configBT -->
        <test-method status="PASS" signature="configBM()[pri:0, instance:testScripts.BookingFlight@1ce92674]" name="configBM" is-config="true" duration-ms="10698" started-at="2021-09-13T20:19:32Z" finished-at="2021-09-13T20:19:43Z">
          <reporter-output>
            <line>
              <![CDATA[Opened the Browser]]>
            </line>
            <line>
              <![CDATA[Maximized the Browser]]>
            </line>
          </reporter-output>
        </test-method> <!-- configBM -->
        <test-method status="FAIL" signature="bookingFlightTest()[pri:0, instance:testScripts.BookingFlight@1ce92674]" name="bookingFlightTest" duration-ms="8895" started-at="2021-09-13T20:19:43Z" finished-at="2021-09-13T20:19:52Z">
          <exception class="org.openqa.selenium.ElementClickInterceptedException">
            <message>
              <![CDATA[element click intercepted: Element <input data-cy="fromCity" id="fromCity" type="text" class="fsw_inputField lineHeight36 latoBlack font30" readonly="" value="Delhi"> is not clickable at point (329, 257). Other element would receive the click: <div data-cy="outsideModal" class="loginModal displayBlock modalLogin dynHeight personal "></div>
  (Session info: chrome=93.0.4577.63)
Build info: version: '3.141.59', revision: 'e82be7d358', time: '2018-11-14T08:25:53'
System info: host: 'DESKTOP-V45GMEH', ip: '192.168.0.104', os.name: 'Windows 10', os.arch: 'amd64', os.version: '10.0', java.version: '1.8.0_291'
Driver info: org.openqa.selenium.chrome.ChromeDriver
Capabilities {acceptInsecureCerts: false, browserName: chrome, browserVersion: 93.0.4577.63, chrome: {chromedriverVersion: 93.0.4577.63 (ff5c0da2ec0ad..., userDataDir: C:\Users\Acer\AppData\Local...}, goog:chromeOptions: {debuggerAddress: localhost:58328}, javascriptEnabled: true, networkConnectionEnabled: false, pageLoadStrategy: normal, platform: WINDOWS, platformName: WINDOWS, proxy: Proxy(), setWindowRect: true, strictFileInteractability: false, timeouts: {implicit: 0, pageLoad: 300000, script: 30000}, unhandledPromptBehavior: dismiss and notify, webauthn:extension:credBlob: true, webauthn:extension:largeBlob: true, webauthn:virtualAuthenticators: true}
Session ID: 7cf115158c588759408868edcc0c6043]]>
            </message>
            <full-stacktrace>
              <![CDATA[org.openqa.selenium.ElementClickInterceptedException: element click intercepted: Element <input data-cy="fromCity" id="fromCity" type="text" class="fsw_inputField lineHeight36 latoBlack font30" readonly="" value="Delhi"> is not clickable at point (329, 257). Other element would receive the click: <div data-cy="outsideModal" class="loginModal displayBlock modalLogin dynHeight personal "></div>
  (Session info: chrome=93.0.4577.63)
Build info: version: '3.141.59', revision: 'e82be7d358', time: '2018-11-14T08:25:53'
System info: host: 'DESKTOP-V45GMEH', ip: '192.168.0.104', os.name: 'Windows 10', os.arch: 'amd64', os.version: '10.0', java.version: '1.8.0_291'
Driver info: org.openqa.selenium.chrome.ChromeDriver
Capabilities {acceptInsecureCerts: false, browserName: chrome, browserVersion: 93.0.4577.63, chrome: {chromedriverVersion: 93.0.4577.63 (ff5c0da2ec0ad..., userDataDir: C:\Users\Acer\AppData\Local...}, goog:chromeOptions: {debuggerAddress: localhost:58328}, javascriptEnabled: true, networkConnectionEnabled: false, pageLoadStrategy: normal, platform: WINDOWS, platformName: WINDOWS, proxy: Proxy(), setWindowRect: true, strictFileInteractability: false, timeouts: {implicit: 0, pageLoad: 300000, script: 30000}, unhandledPromptBehavior: dismiss and notify, webauthn:extension:credBlob: true, webauthn:extension:largeBlob: true, webauthn:virtualAuthenticators: true}
Session ID: 7cf115158c588759408868edcc0c6043
	at sun.reflect.NativeConstructorAccessorImpl.newInstance0(Native Method)
	at sun.reflect.NativeConstructorAccessorImpl.newInstance(Unknown Source)
	at sun.reflect.DelegatingConstructorAccessorImpl.newInstance(Unknown Source)
	at java.lang.reflect.Constructor.newInstance(Unknown Source)
	at org.openqa.selenium.remote.http.W3CHttpResponseCodec.createException(W3CHttpResponseCodec.java:187)
	at org.openqa.selenium.remote.http.W3CHttpResponseCodec.decode(W3CHttpResponseCodec.java:122)
	at org.openqa.selenium.remote.http.W3CHttpResponseCodec.decode(W3CHttpResponseCodec.java:49)
	at org.openqa.selenium.remote.HttpCommandExecutor.execute(HttpCommandExecutor.java:158)
	at org.openqa.selenium.remote.service.DriverCommandExecutor.execute(DriverCommandExecutor.java:83)
	at org.openqa.selenium.remote.RemoteWebDriver.execute(RemoteWebDriver.java:552)
	at org.openqa.selenium.remote.RemoteWebElement.execute(RemoteWebElement.java:285)
	at org.openqa.selenium.remote.RemoteWebElement.click(RemoteWebElement.java:84)
	at sun.reflect.NativeMethodAccessorImpl.invoke0(Native Method)
	at sun.reflect.NativeMethodAccessorImpl.invoke(Unknown Source)
	at sun.reflect.DelegatingMethodAccessorImpl.invoke(Unknown Source)
	at java.lang.reflect.Method.invoke(Unknown Source)
	at org.openqa.selenium.support.pagefactory.internal.LocatingElementHandler.invoke(LocatingElementHandler.java:51)
	at com.sun.proxy.$Proxy11.click(Unknown Source)
	at testScripts.BookingFlight.bookingFlightTest(BookingFlight.java:23)
	at sun.reflect.NativeMethodAccessorImpl.invoke0(Native Method)
	at sun.reflect.NativeMethodAccessorImpl.invoke(Unknown Source)
	at sun.reflect.DelegatingMethodAccessorImpl.invoke(Unknown Source)
	at java.lang.reflect.Method.invoke(Unknown Source)
	at org.testng.internal.MethodInvocationHelper.invokeMethod(MethodInvocationHelper.java:100)
	at org.testng.internal.Invoker.invokeMethod(Invoker.java:646)
	at org.testng.internal.Invoker.invokeTestMethod(Invoker.java:811)
	at org.testng.internal.Invoker.invokeTestMethods(Invoker.java:1129)
	at org.testng.internal.TestMethodWorker.invokeTestMethods(TestMethodWorker.java:129)
	at org.testng.internal.TestMethodWorker.run(TestMethodWorker.java:112)
	at org.testng.TestRunner.privateRun(TestRunner.java:746)
	at org.testng.TestRunner.run(TestRunner.java:600)
	at org.testng.SuiteRunner.runTest(SuiteRunner.java:366)
	at org.testng.SuiteRunner.runSequentially(SuiteRunner.java:361)
	at org.testng.SuiteRunner.privateRun(SuiteRunner.java:319)
	at org.testng.SuiteRunner.run(SuiteRunner.java:268)
	at org.testng.SuiteRunnerWorker.runSuite(SuiteRunnerWorker.java:52)
	at org.testng.SuiteRunnerWorker.run(SuiteRunnerWorker.java:86)
	at org.testng.TestNG.runSuitesSequentially(TestNG.java:1264)
	at org.testng.TestNG.runSuitesLocally(TestNG.java:1189)
	at org.testng.TestNG.runSuites(TestNG.java:1104)
	at org.testng.TestNG.run(TestNG.java:1076)
	at org.testng.remote.AbstractRemoteTestNG.run(AbstractRemoteTestNG.java:126)
	at org.testng.remote.RemoteTestNG.initAndRun(RemoteTestNG.java:152)
	at org.testng.remote.RemoteTestNG.main(RemoteTestNG.java:57)
]]>
            </full-stacktrace>
          </exception> <!-- org.openqa.selenium.ElementClickInterceptedException -->
          <reporter-output>
          </reporter-output>
        </test-method> <!-- bookingFlightTest -->
        <test-method status="PASS" signature="configAT()[pri:0, instance:testScripts.BookingFlight@1ce92674]" name="configAT" is-config="true" duration-ms="935" started-at="2021-09-13T20:19:53Z" finished-at="2021-09-13T20:19:53Z">
          <reporter-output>
            <line>
              <![CDATA[close the Browser]]>
            </line>
            <line>
              <![CDATA[closed the Browser]]>
            </line>
          </reporter-output>
        </test-method> <!-- configAT -->
      </class> <!-- testScripts.BookingFlight -->
    </test> <!-- Default test -->
  </suite> <!-- Default suite -->
</testng-results>
