<?xml version="1.0" encoding="UTF-8"?>
<testng-results skipped="0" failed="0" total="1" passed="1">
  <reporter-output>
  </reporter-output>
  <suite name="Default suite" duration-ms="53" started-at="2021-09-13T13:02:27Z" finished-at="2021-09-13T13:02:27Z">
    <groups>
    </groups>
    <test name="Default test" duration-ms="53" started-at="2021-09-13T13:02:27Z" finished-at="2021-09-13T13:02:27Z">
      <class name="testScripts.NewTest">
        <test-method status="PASS" signature="dummyTest()[pri:0, instance:testScripts.NewTest@13deb50e]" name="dummyTest" duration-ms="18" started-at="2021-09-13T18:32:27Z" finished-at="2021-09-13T18:32:27Z">
          <reporter-output>
          </reporter-output>
        </test-method> <!-- dummyTest -->
      </class> <!-- testScripts.NewTest -->
    </test> <!-- Default test -->
  </suite> <!-- Default suite -->
</testng-results>
